<?xml version="1.0" encoding="UTF-8"?>
<testng-results ignored="0" total="2" passed="2" failed="0" skipped="0">
  <reporter-output>
  </reporter-output>
  <suite started-at="2022-12-08T14:55:20 MSK" name="Surefire suite" finished-at="2022-12-08T14:55:56 MSK" duration-ms="36772">
    <groups>
    </groups>
    <test started-at="2022-12-08T14:55:20 MSK" name="Surefire test" finished-at="2022-12-08T14:55:56 MSK" duration-ms="36772">
      <class name="Testing">
        <test-method signature="FindInformationAboutDetectionAndMasking()[pri:0, instance:Testing@13c612bd]" started-at="2022-12-08T14:55:20 MSK" name="FindInformationAboutDetectionAndMasking" finished-at="2022-12-08T14:55:51 MSK" duration-ms="30910" status="PASS">
          <reporter-output>
          </reporter-output>
        </test-method> <!-- FindInformationAboutDetectionAndMasking -->
        <test-method signature="FindRatingYesterday()[pri:0, instance:Testing@13c612bd]" started-at="2022-12-08T14:55:51 MSK" name="FindRatingYesterday" finished-at="2022-12-08T14:55:56 MSK" duration-ms="5847" status="PASS">
          <reporter-output>
          </reporter-output>
        </test-method> <!-- FindRatingYesterday -->
      </class> <!-- Testing -->
    </test> <!-- Surefire test -->
  </suite> <!-- Surefire suite -->
</testng-results>
